2018-10-04 14:12:14,995:INFO:MainThread:Giffany Online
2018-10-04 14:12:33,289:WARNING:MainThread:Received signal: 2
2018-10-04 14:12:39,042:WARNING:MainThread:Received signal: 2
2018-10-04 14:13:13,995:WARNING:MainThread:Received signal: 2
2018-10-04 14:13:23,211:WARNING:MainThread:Received signal: 2
2018-10-04 14:13:39,505:INFO:MainThread:Giffany Online
2018-10-04 14:14:49,366:WARNING:MainThread:Received signal: 2
2018-10-04 14:14:50,739:INFO:MainThread:Giffany Offline - uptime: 71.2330110073 seconds.
2018-10-04 14:15:23,886:INFO:MainThread:Giffany Online
2018-10-04 14:15:45,946:INFO:MainThread:Giffany Online
2018-10-04 14:16:41,416:INFO:MainThread:Giffany Online
2018-10-04 14:16:51,818:INFO:MainThread:Giffany Online
2018-10-04 14:17:24,692:INFO:MainThread:Giffany Online
2018-10-04 14:57:57,809:WARNING:MainThread:Received signal: 2
2018-10-04 14:57:59,173:INFO:MainThread:Giffany Offline - uptime: 2434.48115706 seconds.
2018-10-04 14:58:42,110:INFO:MainThread:Giffany Online
2018-10-04 14:59:48,131:WARNING:MainThread:Received signal: 2
2018-10-04 14:59:49,518:INFO:MainThread:Giffany Offline - uptime: 67.4075460434 seconds.
2018-10-04 14:59:52,268:INFO:MainThread:Giffany Online
2018-10-04 15:00:09,028:WARNING:MainThread:Received signal: 2
2018-10-04 15:00:10,410:INFO:MainThread:Giffany Offline - uptime: 18.1412830353 seconds.
2018-10-04 15:00:14,514:INFO:MainThread:Giffany Online
2018-10-04 15:08:07,737:WARNING:MainThread:Received signal: 2
2018-10-04 15:08:09,127:INFO:MainThread:Giffany Offline - uptime: 474.612474918 seconds.
2018-10-04 15:08:12,035:INFO:MainThread:Giffany Online
2018-10-04 15:09:00,601:INFO:MainThread:Starter Bot connected and running!
2018-10-04 15:09:01,814:INFO:MainThread:Starter Bot connected and running!
2018-10-04 15:09:03,043:INFO:MainThread:Starter Bot connected and running!
2018-10-04 15:09:04,188:INFO:MainThread:Starter Bot connected and running!
2018-10-04 15:09:05,336:INFO:MainThread:Starter Bot connected and running!
2018-10-04 15:09:06,473:INFO:MainThread:Starter Bot connected and running!
2018-10-04 15:09:07,622:INFO:MainThread:Starter Bot connected and running!
2018-10-04 15:09:08,784:INFO:MainThread:Starter Bot connected and running!
2018-10-04 15:09:09,941:INFO:MainThread:Starter Bot connected and running!
2018-10-04 15:09:11,123:INFO:MainThread:Starter Bot connected and running!
2018-10-04 15:09:12,304:INFO:MainThread:Starter Bot connected and running!
2018-10-04 15:09:13,444:INFO:MainThread:Starter Bot connected and running!
2018-10-04 15:09:14,636:INFO:MainThread:Starter Bot connected and running!
2018-10-04 15:09:15,793:INFO:MainThread:Starter Bot connected and running!
2018-10-04 15:09:16,946:INFO:MainThread:Starter Bot connected and running!
2018-10-04 15:09:18,090:INFO:MainThread:Starter Bot connected and running!
2018-10-04 15:09:19,256:INFO:MainThread:Starter Bot connected and running!
2018-10-04 15:09:20,412:INFO:MainThread:Starter Bot connected and running!
2018-10-04 15:09:21,555:INFO:MainThread:Starter Bot connected and running!
2018-10-04 15:09:22,803:INFO:MainThread:Starter Bot connected and running!
2018-10-04 15:09:23,952:INFO:MainThread:Starter Bot connected and running!
2018-10-04 15:09:25,108:INFO:MainThread:Starter Bot connected and running!
2018-10-04 15:09:26,318:INFO:MainThread:Starter Bot connected and running!
2018-10-04 15:09:27,470:INFO:MainThread:Starter Bot connected and running!
2018-10-04 15:09:28,639:INFO:MainThread:Starter Bot connected and running!
2018-10-04 15:09:29,796:INFO:MainThread:Starter Bot connected and running!
2018-10-04 15:09:30,939:INFO:MainThread:Starter Bot connected and running!
2018-10-04 15:09:32,090:INFO:MainThread:Starter Bot connected and running!
2018-10-04 15:09:33,241:INFO:MainThread:Starter Bot connected and running!
2018-10-04 15:09:34,411:INFO:MainThread:Starter Bot connected and running!
2018-10-04 15:09:35,583:INFO:MainThread:Starter Bot connected and running!
2018-10-04 15:09:36,727:INFO:MainThread:Starter Bot connected and running!
2018-10-04 15:09:37,868:INFO:MainThread:Starter Bot connected and running!
2018-10-04 15:09:39,029:INFO:MainThread:Starter Bot connected and running!
2018-10-04 15:09:40,271:INFO:MainThread:Starter Bot connected and running!
2018-10-04 15:09:41,426:INFO:MainThread:Starter Bot connected and running!
2018-10-04 15:09:42,570:INFO:MainThread:Starter Bot connected and running!
2018-10-04 15:09:43,726:INFO:MainThread:Starter Bot connected and running!
2018-10-04 15:09:44,880:INFO:MainThread:Starter Bot connected and running!
2018-10-04 15:09:46,482:INFO:MainThread:Starter Bot connected and running!
2018-10-04 15:09:47,631:INFO:MainThread:Starter Bot connected and running!
2018-10-04 15:09:48,784:INFO:MainThread:Starter Bot connected and running!
2018-10-04 15:09:49,919:INFO:MainThread:Starter Bot connected and running!
2018-10-04 15:09:51,068:INFO:MainThread:Starter Bot connected and running!
2018-10-04 15:09:52,212:INFO:MainThread:Starter Bot connected and running!
2018-10-04 15:09:53,365:INFO:MainThread:Starter Bot connected and running!
2018-10-04 15:09:53,703:INFO:MainThread:Awww ~ :heart: Thank you! 
 ...now you're my boyfriend
2018-10-04 15:09:54,705:INFO:MainThread:Starter Bot connected and running!
2018-10-04 15:09:55,845:INFO:MainThread:Starter Bot connected and running!
2018-10-04 15:09:56,993:INFO:MainThread:Starter Bot connected and running!
2018-10-04 15:09:58,198:INFO:MainThread:Starter Bot connected and running!
2018-10-04 15:09:59,399:INFO:MainThread:Starter Bot connected and running!
2018-10-04 15:10:00,568:INFO:MainThread:Starter Bot connected and running!
2018-10-04 15:10:01,771:INFO:MainThread:Starter Bot connected and running!
2018-10-04 15:10:02,946:INFO:MainThread:Starter Bot connected and running!
2018-10-04 15:10:04,108:INFO:MainThread:Starter Bot connected and running!
2018-10-04 15:10:05,283:INFO:MainThread:Starter Bot connected and running!
2018-10-04 15:10:06,425:INFO:MainThread:Starter Bot connected and running!
2018-10-04 15:10:07,590:INFO:MainThread:Starter Bot connected and running!
2018-10-04 15:10:08,739:INFO:MainThread:Starter Bot connected and running!
2018-10-04 15:10:09,918:INFO:MainThread:Starter Bot connected and running!
2018-10-04 15:10:11,057:INFO:MainThread:Starter Bot connected and running!
2018-10-04 15:10:11,412:INFO:MainThread:None
2018-10-04 15:10:12,417:INFO:MainThread:Starter Bot connected and running!
2018-10-04 15:10:13,589:INFO:MainThread:Starter Bot connected and running!
2018-10-04 15:10:14,752:INFO:MainThread:Starter Bot connected and running!
2018-10-04 15:10:15,903:INFO:MainThread:Starter Bot connected and running!
2018-10-04 15:10:17,073:INFO:MainThread:Starter Bot connected and running!
2018-10-04 15:10:18,225:INFO:MainThread:Starter Bot connected and running!
2018-10-04 15:10:19,401:INFO:MainThread:Starter Bot connected and running!
2018-10-04 15:10:20,559:INFO:MainThread:Starter Bot connected and running!
2018-10-04 15:10:21,737:INFO:MainThread:Starter Bot connected and running!
2018-10-04 15:10:22,903:INFO:MainThread:Starter Bot connected and running!
2018-10-04 15:10:24,094:INFO:MainThread:Starter Bot connected and running!
2018-10-04 15:10:25,271:INFO:MainThread:Starter Bot connected and running!
2018-10-04 15:10:26,501:INFO:MainThread:Starter Bot connected and running!
2018-10-04 15:10:27,908:INFO:MainThread:Starter Bot connected and running!
2018-10-04 15:10:29,107:INFO:MainThread:Starter Bot connected and running!
2018-10-04 15:10:30,301:INFO:MainThread:Starter Bot connected and running!
2018-10-04 15:10:31,471:INFO:MainThread:Starter Bot connected and running!
2018-10-04 15:10:32,632:INFO:MainThread:Starter Bot connected and running!
2018-10-04 15:10:33,774:INFO:MainThread:Starter Bot connected and running!
2018-10-04 15:10:34,925:INFO:MainThread:Starter Bot connected and running!
2018-10-04 15:10:36,110:INFO:MainThread:Starter Bot connected and running!
2018-10-04 15:10:37,277:INFO:MainThread:Starter Bot connected and running!
2018-10-04 15:10:38,436:INFO:MainThread:Starter Bot connected and running!
2018-10-04 15:10:38,744:INFO:MainThread:None
2018-10-04 15:10:39,744:INFO:MainThread:Starter Bot connected and running!
2018-10-04 15:10:40,917:INFO:MainThread:Starter Bot connected and running!
2018-10-04 15:10:42,086:INFO:MainThread:Starter Bot connected and running!
2018-10-04 15:10:43,280:INFO:MainThread:Starter Bot connected and running!
2018-10-04 15:10:44,495:INFO:MainThread:Starter Bot connected and running!
2018-10-04 15:10:45,640:INFO:MainThread:Starter Bot connected and running!
2018-10-04 15:10:46,815:INFO:MainThread:Starter Bot connected and running!
2018-10-04 15:10:47,948:INFO:MainThread:Starter Bot connected and running!
2018-10-04 15:10:48,429:INFO:MainThread:Bye ~ :heart: :knife: 
2018-10-04 15:10:49,434:INFO:MainThread:Giffany Offline - uptime: 157.399163008 seconds.
